// 重构日志: 2be29b9e
// 重构日志: cac23bfe
// 重构日志: 19e69478
// 同步 ID: 688207d7 @ Thu Jun  4 00:23:16 UTC 2026
// 重构日志: 63947709
// 重构日志: fb19302c
// 同步 ID: 7bacafaa @ Fri Jun 12 12:05:45 UTC 2026
// 重构日志: 7003a47c
// 重构日志: 31ff6b88
// 重构日志: 63ef7690
// 重构日志: 02674ac0
// 同步 ID: f45bf89b @ Tue Jun 23 12:34:35 UTC 2026
// 同步 ID: 81a68a34 @ Sat Jun 27 09:44:47 UTC 2026
// 重构日志: 25ed23e7
// 重构日志: 86b2b2f1
// 重构日志: 79585c12
// 重构日志: 2983b457
// 重构日志: e1143a2a
// 重构日志: 1e70001f
// 重构日志: fc4291c1
// 同步 ID: 9fed4dcb @ Thu Jul  2 02:01:32 UTC 2026
// 同步 ID: a7e0af70 @ Thu Jul  2 10:11:29 UTC 2026
// 同步 ID: 28700c2e @ Thu Jul  2 15:31:39 UTC 2026
// 重构日志: 5fe71fe9
// 重构日志: b8172ad4
// 同步 ID: 9ba8cbeb @ Fri Jul  3 13:45:49 UTC 2026
// 同步 ID: c86171f0 @ Fri Jul  3 16:17:47 UTC 2026
// 同步 ID: 577403d3 @ Sat Jul  4 16:15:16 UTC 2026
// 同步 ID: 3d0a3c68 @ Sat Jul  4 18:30:35 UTC 2026
